<?xml version="1.0" encoding="UTF-8"?>
<!-- Generated by org.testng.reporters.JUnitReportReporter -->
<testsuite hostname="MohdAhmad-PC" name="Practice.assert_test" tests="1" failures="0" timestamp="8 Dec 2014 13:56:05 GMT" time="0.004" errors="0">
  <testcase name="app" time="0.004" classname="Practice.assert_test"/>
</testsuite> <!-- Practice.assert_test -->
