<?xml version="1.0" encoding="UTF-8"?>
<!-- Generated by org.testng.reporters.JUnitReportReporter -->
<testsuite hostname="MohdAhmad-PC" name="Data_Provider.getdata" tests="4" failures="0" timestamp="18 Nov 2014 09:01:33 GMT" time="0.017" errors="0">
  <testcase name="testpass1" time="0.001" classname="Data_Provider.getdata"/>
  <testcase name="testpass" time="0.002" classname="Data_Provider.getdata"/>
  <testcase name="testpass" time="0.001" classname="Data_Provider.getdata"/>
  <testcase name="testpass1" time="0.013" classname="Data_Provider.getdata"/>
</testsuite> <!-- Data_Provider.getdata -->
