<?xml version="1.0" encoding="UTF-8"?>
<!-- Generated by org.testng.reporters.JUnitReportReporter -->
<testsuite hostname="MohdAhmad-PC" name="Practice.Newsample" tests="4" failures="4" timestamp="8 Dec 2014 13:56:05 GMT" time="0.000" errors="0">
  <testcase name="RegisterData" time="0.000" classname="Practice.Newsample"/>
  <testcase name="RegisterData" time="0.000" classname="Practice.Newsample"/>
  <testcase name="RegisterData" time="0.000" classname="Practice.Newsample"/>
  <testcase name="RegisterData" time="0.000" classname="Practice.Newsample"/>
</testsuite> <!-- Practice.Newsample -->
