<?xml version="1.0" encoding="UTF-8"?>
<!-- Generated by org.testng.reporters.JUnitReportReporter -->
<testsuite hostname="MohdAhmad-PC" name="TestNg" tests="3" failures="0" timestamp="18 Nov 2014 08:47:16 GMT" time="0.015" errors="0">
  <testcase name="testapp" time="0.002" classname="TestNg"/>
  <testcase name="testmail" time="0.007" classname="TestNg"/>
  <testcase name="testapp" time="0.006" classname="TestNg"/>
</testsuite> <!-- TestNg -->
