<?xml version="1.0" encoding="UTF-8"?>
<!-- Generated by org.testng.reporters.JUnitReportReporter -->
<testsuite hostname="MohdAhmad-PC" name="Practice.NewTest" tests="2" failures="0" timestamp="8 Dec 2014 13:56:05 GMT" time="0.002" errors="0">
  <testcase name="ReceiveMail" time="0.000" classname="Practice.NewTest"/>
  <testcase name="SendMail" time="0.002" classname="Practice.NewTest"/>
</testsuite> <!-- Practice.NewTest -->
