<?xml version="1.0" encoding="UTF-8"?>
<!-- Generated by org.testng.reporters.JUnitReportReporter -->
<testsuite hostname="MohdAhmad-PC" name="KhanSahab.Facebook" tests="2" failures="0" timestamp="13 Nov 2014 10:41:36 GMT" time="0.009" errors="0">
  <testcase name="TestRecieveMsg" time="0.003" classname="KhanSahab.Facebook"/>
  <testcase name="TestNotofication" time="0.006" classname="KhanSahab.Facebook"/>
</testsuite> <!-- KhanSahab.Facebook -->
